{
  "stats": {
    "suites": 1,
    "tests": 8,
    "passes": 8,
    "pending": 0,
    "failures": 0,
    "start": "2021-10-28T23:55:38.121Z",
    "end": "2021-10-28T23:55:52.998Z",
    "duration": 14877,
    "testsRegistered": 8,
    "passPercent": 100,
    "pendingPercent": 0,
    "other": 0,
    "hasOther": false,
    "skipped": 0,
    "hasSkipped": false
  },
  "results": [
    {
      "uuid": "3a328b0c-6b91-4b45-92d7-d0938b785d1c",
      "title": "",
      "fullFile": "cypress/integration/test_ui/globalqa.spec.js",
      "file": "cypress/integration/test_ui/globalqa.spec.js",
      "beforeHooks": [],
      "afterHooks": [],
      "tests": [],
      "suites": [
        {
          "uuid": "4c43d91f-8d4b-46e9-a0ef-16f63166975b",
          "title": "Cenário de Teste: Testar o funcionamento da calculadora do GOOGLE",
          "fullFile": "",
          "file": "",
          "beforeHooks": [],
          "afterHooks": [],
          "tests": [
            {
              "title": "Cenário de Teste: Conta de adição",
              "fullTitle": "Cenário de Teste: Testar o funcionamento da calculadora do GOOGLE Cenário de Teste: Conta de adição",
              "timedOut": null,
              "duration": 5599,
              "state": "passed",
              "speed": "medium",
              "pass": true,
              "fail": false,
              "pending": false,
              "context": null,
              "code": "cy.visit('https://www.google.com/search?client=opera-gx&q=calculadora+online&sourceid=opera&ie=UTF-8&oe=UTF-8');\ncy.get('.ElumCf > tbody > :nth-child(2) > :nth-child(1) > .PaQdxb > .XRsWPe').click();\ncy.get(':nth-child(5) > :nth-child(4) > .PaQdxb > .XRsWPe').click();\ncy.get('.ElumCf > tbody > :nth-child(4) > :nth-child(3) > .PaQdxb > .XRsWPe').click();\ncy.get('.ElumCf > tbody > :nth-child(5) > :nth-child(3) > .PaQdxb > .XRsWPe').click();",
              "err": {},
              "uuid": "de5c22d8-8316-43bb-88cd-69ecaa9e4793",
              "parentUUID": "4c43d91f-8d4b-46e9-a0ef-16f63166975b",
              "isHook": false,
              "skipped": false
            },
            {
              "title": "Cenário de Teste: Conta de subtração",
              "fullTitle": "Cenário de Teste: Testar o funcionamento da calculadora do GOOGLE Cenário de Teste: Conta de subtração",
              "timedOut": null,
              "duration": 1108,
              "state": "passed",
              "speed": "fast",
              "pass": true,
              "fail": false,
              "pending": false,
              "context": null,
              "code": "cy.get('.ElumCf > tbody > :nth-child(2) > :nth-child(1) > .PaQdxb > .XRsWPe').click();\ncy.get(':nth-child(4) > :nth-child(4) > .PaQdxb > .XRsWPe').click();\ncy.get('.ElumCf > tbody > :nth-child(4) > :nth-child(3) > .PaQdxb > .XRsWPe').click();\ncy.get('.ElumCf > tbody > :nth-child(5) > :nth-child(3) > .PaQdxb > .XRsWPe').click();",
              "err": {},
              "uuid": "a58505ed-cb34-4aa9-8faa-eaf107d59000",
              "parentUUID": "4c43d91f-8d4b-46e9-a0ef-16f63166975b",
              "isHook": false,
              "skipped": false
            },
            {
              "title": "Cenário de Teste: Conta de multiplicação",
              "fullTitle": "Cenário de Teste: Testar o funcionamento da calculadora do GOOGLE Cenário de Teste: Conta de multiplicação",
              "timedOut": null,
              "duration": 1094,
              "state": "passed",
              "speed": "fast",
              "pass": true,
              "fail": false,
              "pending": false,
              "context": null,
              "code": "cy.get('.ElumCf > tbody > :nth-child(2) > :nth-child(1) > .PaQdxb > .XRsWPe').click();\ncy.get(':nth-child(3) > :nth-child(4) > .PaQdxb > .XRsWPe').click();\ncy.get('.ElumCf > tbody > :nth-child(4) > :nth-child(3) > .PaQdxb > .XRsWPe').click();\ncy.get('.ElumCf > tbody > :nth-child(5) > :nth-child(3) > .PaQdxb > .XRsWPe').click();",
              "err": {},
              "uuid": "684f1fd3-9e86-436c-87fe-945ee79f16c6",
              "parentUUID": "4c43d91f-8d4b-46e9-a0ef-16f63166975b",
              "isHook": false,
              "skipped": false
            },
            {
              "title": "Cenário de Teste: Conta de divisão",
              "fullTitle": "Cenário de Teste: Testar o funcionamento da calculadora do GOOGLE Cenário de Teste: Conta de divisão",
              "timedOut": null,
              "duration": 1018,
              "state": "passed",
              "speed": "fast",
              "pass": true,
              "fail": false,
              "pending": false,
              "context": null,
              "code": "cy.get('.ElumCf > tbody > :nth-child(2) > :nth-child(1) > .PaQdxb > .XRsWPe').click();\ncy.get(':nth-child(2) > :nth-child(4) > .PaQdxb > .XRsWPe').click();\ncy.get('.ElumCf > tbody > :nth-child(2) > :nth-child(2) > .PaQdxb > .XRsWPe').click();\ncy.get('.ElumCf > tbody > :nth-child(5) > :nth-child(3) > .PaQdxb > .XRsWPe').click();",
              "err": {},
              "uuid": "ff9ddb49-6046-4008-98a6-9711d564fba3",
              "parentUUID": "4c43d91f-8d4b-46e9-a0ef-16f63166975b",
              "isHook": false,
              "skipped": false
            },
            {
              "title": "Cenário de Teste: Conta de divisão por zero",
              "fullTitle": "Cenário de Teste: Testar o funcionamento da calculadora do GOOGLE Cenário de Teste: Conta de divisão por zero",
              "timedOut": null,
              "duration": 990,
              "state": "passed",
              "speed": "fast",
              "pass": true,
              "fail": false,
              "pending": false,
              "context": null,
              "code": "cy.get('.ElumCf > tbody > :nth-child(2) > :nth-child(1) > .PaQdxb > .XRsWPe').click();\ncy.get(':nth-child(2) > :nth-child(4) > .PaQdxb > .XRsWPe').click();\ncy.get('.ElumCf > tbody > :nth-child(5) > :nth-child(1) > .PaQdxb > .XRsWPe').click();\ncy.get('.ElumCf > tbody > :nth-child(5) > :nth-child(3) > .PaQdxb > .XRsWPe').click();",
              "err": {},
              "uuid": "f77959ec-c61c-4000-8d3d-035022760f29",
              "parentUUID": "4c43d91f-8d4b-46e9-a0ef-16f63166975b",
              "isHook": false,
              "skipped": false
            },
            {
              "title": "Cenário de Teste: Conta de Raiz",
              "fullTitle": "Cenário de Teste: Testar o funcionamento da calculadora do GOOGLE Cenário de Teste: Conta de Raiz",
              "timedOut": null,
              "duration": 774,
              "state": "passed",
              "speed": "fast",
              "pass": true,
              "fail": false,
              "pending": false,
              "context": null,
              "code": "cy.get(':nth-child(4) > :nth-child(3) > .PaQdxb > .Krlpq').click();\ncy.get('.ElumCf > tbody > :nth-child(2) > :nth-child(1) > .PaQdxb > .XRsWPe').click();\ncy.get('.ElumCf > tbody > :nth-child(5) > :nth-child(3) > .PaQdxb > .XRsWPe').click();",
              "err": {},
              "uuid": "1c202a09-11c4-49d2-ba93-f762e16d55e6",
              "parentUUID": "4c43d91f-8d4b-46e9-a0ef-16f63166975b",
              "isHook": false,
              "skipped": false
            },
            {
              "title": "Cenário de Teste: Conta de Raiz com numero negativo",
              "fullTitle": "Cenário de Teste: Testar o funcionamento da calculadora do GOOGLE Cenário de Teste: Conta de Raiz com numero negativo",
              "timedOut": null,
              "duration": 980,
              "state": "passed",
              "speed": "fast",
              "pass": true,
              "fail": false,
              "pending": false,
              "context": null,
              "code": "cy.get(':nth-child(4) > :nth-child(3) > .PaQdxb > .Krlpq').click();\ncy.get(':nth-child(4) > :nth-child(4) > .PaQdxb > .XRsWPe').click();\ncy.get('.ElumCf > tbody > :nth-child(2) > :nth-child(1) > .PaQdxb > .XRsWPe').click();\ncy.get('.ElumCf > tbody > :nth-child(5) > :nth-child(3) > .PaQdxb > .XRsWPe').click();",
              "err": {},
              "uuid": "cae120fd-c8b1-4477-bfc5-857d66776f4f",
              "parentUUID": "4c43d91f-8d4b-46e9-a0ef-16f63166975b",
              "isHook": false,
              "skipped": false
            },
            {
              "title": "Cenário de Teste: Fatorial",
              "fullTitle": "Cenário de Teste: Testar o funcionamento da calculadora do GOOGLE Cenário de Teste: Fatorial",
              "timedOut": null,
              "duration": 744,
              "state": "passed",
              "speed": "fast",
              "pass": true,
              "fail": false,
              "pending": false,
              "context": null,
              "code": "cy.get('.ElumCf > tbody > :nth-child(2) > :nth-child(1) > .PaQdxb > .XRsWPe').click();\ncy.get('.HOoTuc > tbody > :nth-child(1) > :nth-child(2) > .PaQdxb > .XRsWPe').click();\ncy.get('.ElumCf > tbody > :nth-child(5) > :nth-child(3) > .PaQdxb > .XRsWPe').click();",
              "err": {},
              "uuid": "c463f1e4-098b-4b00-a639-d4b572e8262f",
              "parentUUID": "4c43d91f-8d4b-46e9-a0ef-16f63166975b",
              "isHook": false,
              "skipped": false
            }
          ],
          "suites": [],
          "passes": [
            "de5c22d8-8316-43bb-88cd-69ecaa9e4793",
            "a58505ed-cb34-4aa9-8faa-eaf107d59000",
            "684f1fd3-9e86-436c-87fe-945ee79f16c6",
            "ff9ddb49-6046-4008-98a6-9711d564fba3",
            "f77959ec-c61c-4000-8d3d-035022760f29",
            "1c202a09-11c4-49d2-ba93-f762e16d55e6",
            "cae120fd-c8b1-4477-bfc5-857d66776f4f",
            "c463f1e4-098b-4b00-a639-d4b572e8262f"
          ],
          "failures": [],
          "pending": [],
          "skipped": [],
          "duration": 12307,
          "root": false,
          "rootEmpty": false,
          "_timeout": 2000
        }
      ],
      "passes": [],
      "failures": [],
      "pending": [],
      "skipped": [],
      "duration": 0,
      "root": true,
      "rootEmpty": true,
      "_timeout": 2000
    }
  ],
  "meta": {
    "mocha": {
      "version": "7.0.1"
    },
    "mochawesome": {
      "options": {
        "quiet": false,
        "reportFilename": "mochawesome",
        "saveHtml": false,
        "saveJson": true,
        "consoleReporter": "spec",
        "useInlineDiffs": false,
        "code": true
      },
      "version": "6.3.1"
    },
    "marge": {
      "options": {
        "reportDir": "cypress/reports",
        "overwrite": false,
        "html": false,
        "json": true
      },
      "version": "5.2.0"
    }
  }
}